2023-10-24 15:40:03: DEBUG: DataFrame 1 info 
    line_number  line_type_id  is_line_cancelled  linked_line_number  item_type_id item_id              item_name pos_item_id  qualifier          pos_item_name department_id department_name item_group_id item_group_name eft_id        eft_name item_category_name  is_tax_included tax_group_id tax_group_name tax_rule_id tax_rule_name  tax_rate package_unit_code package_unit_name  price  discounted_price  net_price  discounted_net_price  quantity  pack_size  amount  discounted_amount  discounted_net_amount  discounted_tax_amount  reason_type_id reason_id reason_name comments approver_id approver_name  operational_unit_number operational_unit_name  settlement_type_id  stock_owner_type_id stock_owner_id stock_owner_name  alternative_sales_mode_id  fuel_point  nozzle  fuel_grade_number fuel_grade  fuel_sales_mode_number fuel_sales_mode  fuel_tank_number       nozzle_out_date_time        nozzle_in_date_time                           document_id        document_code                 document_date_time business_unit_identifier  document_type_id
0           10            12              False                <NA>             1  153406        PUROS REIG BL 4      153406          1        PUROS REIG BL 4            59              BD             2       La Tienda    121  Non Fuel Items                                True            1              A           1             A      21.0              Unit            unidad  1.200             1.200        0.0              0.991736       1.0        1.0    1.20               1.20               0.991736               0.208264              18      <NA>        <NA>     <NA>        <NA>          <NA>                     <NA>                  <NA>                   1                    0           5001    (CEPSA) CEPSA                          1        <NA>    <NA>               <NA>       <NA>                    <NA>            <NA>              <NA>                       <NA>                       <NA>  b12fb257-acad-4b6f-b5ba-58c4791a825a  SIM3327212300001389  2023-10-02T16:28:32.4382141+02:00                   332721                 1
1           20          5017              False                <NA>             0   41386            Diesel STAR       41386          1            Diesel STAR            89              81             1     Carburantes      1     Default EFT                                True            1              A           1             A      21.0             litre                 L  1.695             1.695        0.0              1.400907      30.6        1.0   51.87              51.87              42.867769               9.002231              18                  <NA>     <NA>                      <NA>                     <NA>                  <NA>                   1                    0           5001    (CEPSA) CEPSA                          1           1       1               <NA>        DST                       1    Sales Mode 1              <NA>  2023-10-02T16:25:09+02:00  2023-10-02T16:25:44+02:00  b12fb257-acad-4b6f-b5ba-58c4791a825a  SIM3327212300001389  2023-10-02T16:28:32.4382141+02:00                   332721                 1
2           30          5017              False                <NA>             0   23574  Gasolina sin plomo 95       23574          1  Gasolina sin plomo 95            88              80             1     Carburantes      1     Default EFT                                True            1              A           1             A      21.0             litre                 L  1.779             1.779        0.0              1.470363      30.2        1.0   53.73              53.73              44.404959               9.325041              18                  <NA>     <NA>                      <NA>                     <NA>                  <NA>                   1                    0           5001    (CEPSA) CEPSA                          1           2       2               <NA>        S95                       1    Sales Mode 1              <NA>  2023-10-02T16:25:09+02:00  2023-10-02T16:25:44+02:00  b12fb257-acad-4b6f-b5ba-58c4791a825a  SIM3327212300001389  2023-10-02T16:28:32.4382141+02:00                   332721                 1
3           40          5017              False                <NA>             0   23580     Gasolina Optima 98       23580          1     Gasolina Optima 98            88              80             1     Carburantes      1     Default EFT                                True            1              A           1             A      21.0             litre                 L  1.911             1.911        0.0              1.579292      26.5        1.0   50.64              50.64              41.851240               8.788760              18                  <NA>     <NA>                      <NA>                     <NA>                  <NA>                   1                    0           5001    (CEPSA) CEPSA                          1           3       3               <NA>        O98                       1    Sales Mode 1              <NA>  2023-10-02T16:25:13+02:00  2023-10-02T16:25:44+02:00  b12fb257-acad-4b6f-b5ba-58c4791a825a  SIM3327212300001389  2023-10-02T16:28:32.4382141+02:00                   332721                 1
4           50          5017              False                <NA>             0   41385          Diesel OPTIMA       41385          1          Diesel OPTIMA            89              81             1     Carburantes      1     Default EFT                                True            1              A           1             A      21.0             litre                 L  1.789             1.789        0.0              1.478529      25.5        1.0   45.62              45.62              37.702479               7.917521              18                  <NA>     <NA>                      <NA>                     <NA>                  <NA>                   1                    0           5001    (CEPSA) CEPSA                          1           4       4               <NA>        DOP                       1    Sales Mode 1              <NA>  2023-10-02T16:25:14+02:00  2023-10-02T16:25:44+02:00  b12fb257-acad-4b6f-b5ba-58c4791a825a  SIM3327212300001389  2023-10-02T16:28:32.4382141+02:00                   332721                 1
5           60          5017              False                <NA>             0   41386            Diesel STAR       41386          1            Diesel STAR            89              81             1     Carburantes      1     Default EFT                                True            1              A           1             A      21.0             litre                 L  1.695             1.695        0.0              1.400695      25.2        1.0   42.71              42.71              35.297521               7.412479              18                  <NA>     <NA>                      <NA>                     <NA>                  <NA>                   1                    0           5001    (CEPSA) CEPSA                          1           5       1               <NA>        DST                       1    Sales Mode 1              <NA>  2023-10-02T16:25:14+02:00  2023-10-02T16:25:45+02:00  b12fb257-acad-4b6f-b5ba-58c4791a825a  SIM3327212300001389  2023-10-02T16:28:32.4382141+02:00                   332721                 1
6           70          5017              False                <NA>             0   41386            Diesel STAR       41386          1            Diesel STAR            89              81             1     Carburantes      1     Default EFT                                True            1              A           1             A      21.0             litre                 L  1.695             1.695        0.0              1.400861      24.2        1.0   41.02              41.02              33.900826               7.119174              18                  <NA>     <NA>                      <NA>                     <NA>                  <NA>                   1                    0           5001    (CEPSA) CEPSA                          1           6       1               <NA>        DST                       1    Sales Mode 1              <NA>  2023-10-02T16:25:13+02:00  2023-10-02T16:25:44+02:00  b12fb257-acad-4b6f-b5ba-58c4791a825a  SIM3327212300001389  2023-10-02T16:28:32.4382141+02:00                   332721                 1
2023-10-24 15:40:03: DEBUG: DataFrame 2 info 
    line_number  line_type_id  is_line_cancelled  linked_line_number  item_type_id item_id              item_name pos_item_id  qualifier          pos_item_name department_id department_name item_group_id item_group_name eft_id     eft_name item_category_name  is_tax_included tax_group_id tax_group_name tax_rule_id tax_rule_name  tax_rate package_unit_code package_unit_name  price  discounted_price  net_price  discounted_net_price  quantity  pack_size  amount  discounted_amount  discounted_net_amount  discounted_tax_amount  reason_type_id reason_id reason_name comments approver_id approver_name  operational_unit_number operational_unit_name  settlement_type_id  stock_owner_type_id stock_owner_id stock_owner_name  alternative_sales_mode_id  fuel_point  nozzle  fuel_grade_number fuel_grade  fuel_sales_mode_number fuel_sales_mode  fuel_tank_number       nozzle_out_date_time        nozzle_in_date_time                           document_id       document_code                 document_date_time business_unit_identifier  document_type_id
0           10          5017              False                <NA>             0   41386            Diesel STAR       41386          1            Diesel STAR            89              81             1     Carburantes      1  Default EFT                                True            1              A           1             A      21.0             litre                 L  1.695             1.695        0.0              1.400886      34.5        1.0   58.48              58.48              48.330579              10.149421              18                  <NA>     <NA>                      <NA>                     <NA>                  <NA>                   1                    0           5001    (CEPSA) CEPSA                          1           1       1               <NA>        DST                       1    Sales Mode 1              <NA>  2023-10-02T16:27:53+02:00  2023-10-02T16:28:32+02:00  39c32f26-1d67-43b4-8561-cd8005cfaa50  PP3327212300000086  2023-10-02T16:30:38.9282569+02:00                   332721             32009
1           20          5017              False                <NA>             0   23574  Gasolina sin plomo 95       23574          1  Gasolina sin plomo 95            88              80             1     Carburantes      1  Default EFT                                True            1              A           1             A      21.0             litre                 L  1.779             1.779        0.0              1.470345      34.0        1.0   60.49              60.49              49.991736              10.498264              18                  <NA>     <NA>                      <NA>                     <NA>                  <NA>                   1                    0           5001    (CEPSA) CEPSA                          1           2       2               <NA>        S95                       1    Sales Mode 1              <NA>  2023-10-02T16:27:53+02:00  2023-10-02T16:28:33+02:00  39c32f26-1d67-43b4-8561-cd8005cfaa50  PP3327212300000086  2023-10-02T16:30:38.9282569+02:00                   332721             32009
2023-10-24 15:40:03: DEBUG: DataFrame 3 info 
    line_number  line_type_id  is_line_cancelled  linked_line_number  item_type_id item_id           item_name pos_item_id  qualifier       pos_item_name department_id department_name item_group_id item_group_name eft_id     eft_name item_category_name  is_tax_included tax_group_id tax_group_name tax_rule_id tax_rule_name  tax_rate package_unit_code package_unit_name  price  discounted_price  net_price  discounted_net_price  quantity  pack_size  amount  discounted_amount  discounted_net_amount  discounted_tax_amount  reason_type_id reason_id reason_name comments approver_id approver_name  operational_unit_number operational_unit_name  settlement_type_id  stock_owner_type_id stock_owner_id stock_owner_name  alternative_sales_mode_id  fuel_point  nozzle  fuel_grade_number fuel_grade  fuel_sales_mode_number fuel_sales_mode  fuel_tank_number       nozzle_out_date_time        nozzle_in_date_time                           document_id       document_code                 document_date_time business_unit_identifier  document_type_id
0           10          5017              False                <NA>             0   23580  Gasolina Optima 98       23580          1  Gasolina Optima 98            88              80             1     Carburantes      1  Default EFT                                True            1              A           1             A      21.0             litre                 L  1.911             1.911        0.0              1.579295      33.8        1.0   64.59              64.59              53.380165              11.209835              18                  <NA>     <NA>                      <NA>                     <NA>                  <NA>                   1                    0           5001    (CEPSA) CEPSA                          1           3       3               <NA>        O98                       1    Sales Mode 1              <NA>  2023-10-02T16:27:53+02:00  2023-10-02T16:28:33+02:00  3840e102-7666-4906-beed-3e138b1a347f  PP3327212300000087  2023-10-02T16:37:28.6605579+02:00                   332721             32009
2023-10-24 15:40:03: DEBUG: Dataframe 1 shape (rows / columns) 
 (7, 62)
2023-10-24 15:40:03: DEBUG: Dataframe 2 shape (rows / columns) 
 (2, 62)
2023-10-24 15:40:03: DEBUG: Dataframe 3 shape (rows / columns) 
 (1, 62)
2023-10-24 15:40:04: DEBUG: DataFrame describe: 
        line_number  line_type_id  ...  fuel_tank_number  document_type_id
count          7.0           7.0  ...               0.0               7.0
mean          40.0        4302.0  ...              <NA>               1.0
std      21.602469   1891.712187  ...              <NA>               0.0
min           10.0          12.0  ...              <NA>               1.0
25%           25.0        5017.0  ...              <NA>               1.0
50%           40.0        5017.0  ...              <NA>               1.0
75%           55.0        5017.0  ...              <NA>               1.0
max           70.0        5017.0  ...              <NA>               1.0

[8 rows x 27 columns]
2023-10-24 15:40:04: DEBUG: DataFrame describe: 
        line_number  line_type_id  ...  fuel_tank_number  document_type_id
count          2.0           2.0  ...               0.0               2.0
mean          15.0        5017.0  ...              <NA>           32009.0
std       7.071068           0.0  ...              <NA>               0.0
min           10.0        5017.0  ...              <NA>           32009.0
25%           12.5        5017.0  ...              <NA>           32009.0
50%           15.0        5017.0  ...              <NA>           32009.0
75%           17.5        5017.0  ...              <NA>           32009.0
max           20.0        5017.0  ...              <NA>           32009.0

[8 rows x 27 columns]
2023-10-24 15:40:04: DEBUG: DataFrame describe: 
        line_number  line_type_id  ...  fuel_tank_number  document_type_id
count          1.0           1.0  ...               0.0               1.0
mean          10.0        5017.0  ...              <NA>           32009.0
std           <NA>          <NA>  ...              <NA>              <NA>
min           10.0        5017.0  ...              <NA>           32009.0
25%           10.0        5017.0  ...              <NA>           32009.0
50%           10.0        5017.0  ...              <NA>           32009.0
75%           10.0        5017.0  ...              <NA>           32009.0
max           10.0        5017.0  ...              <NA>           32009.0

[8 rows x 27 columns]
