2023-10-24 15:40:04: DEBUG: Dataframes concatenated: 
    line_number  line_type_id  ...  business_unit_identifier  document_type_id
0           10            12  ...                    332721                 1
1           20          5017  ...                    332721                 1
2           30          5017  ...                    332721                 1
3           40          5017  ...                    332721                 1
4           50          5017  ...                    332721                 1
5           60          5017  ...                    332721                 1
6           70          5017  ...                    332721                 1
0           10          5017  ...                    332721             32009
1           20          5017  ...                    332721             32009
0           10          5017  ...                    332721             32009

[10 rows x 62 columns]
2023-10-24 15:40:04: DEBUG: Dataframe transformed: 
    index  line_number              item_name  quantity  price
0      1           20            Diesel STAR      30.6  1.695
1      2           30  Gasolina sin plomo 95      30.2  1.779
2      3           40     Gasolina Optima 98      26.5  1.911
3      4           50          Diesel OPTIMA      25.5  1.789
4      5           60            Diesel STAR      25.2  1.695
5      6           70            Diesel STAR      24.2  1.695
6      7           10            Diesel STAR      34.5  1.695
7      8           20  Gasolina sin plomo 95      34.0  1.779
8      9           10     Gasolina Optima 98      33.8  1.911
2023-10-24 15:40:04: DEBUG: Final Dataframe df_tranformed: 
    index  line_number              item_name  quantity  price  total_price_quantity
0      1           20            Diesel STAR      30.6  1.695                 51.87
1      2           30  Gasolina sin plomo 95      30.2  1.779                 53.73
2      3           40     Gasolina Optima 98      26.5  1.911                 50.64
3      4           50          Diesel OPTIMA      25.5  1.789                 45.62
4      5           60            Diesel STAR      25.2  1.695                 42.71
5      6           70            Diesel STAR      24.2  1.695                 41.02
6      7           10            Diesel STAR      34.5  1.695                 58.48
7      8           20  Gasolina sin plomo 95      34.0  1.779                 60.49
8      9           10     Gasolina Optima 98      33.8  1.911                 64.59
